<?xml version="1.0" encoding="UTF-8"?>
<!-- Generated by org.testng.reporters.JUnitReportReporter -->
<testsuite skipped="0" hostname="LAPTOP-F6EOHCUB" name="test.LoginTest" tests="1" failures="0" timestamp="2021-02-03T20:34:12 CST" time="10.603" errors="0">
  <testcase name="MyvalidUserShouldBeAbleToLogin" time="10.603" classname="test.LoginTest"/>
  <system-out/>
</testsuite> <!-- test.LoginTest -->
